#
# There is insufficient memory for the Java Runtime Environment to continue.
# Native memory allocation (malloc) failed to allocate 1463216 bytes for Chunk::new
# Possible reasons:
#   The system is out of physical RAM or swap space
#   The process is running with CompressedOops enabled, and the Java Heap may be blocking the growth of the native heap
# Possible solutions:
#   Reduce memory load on the system
#   Increase physical memory or swap space
#   Check if swap backing store is full
#   Decrease Java heap size (-Xmx/-Xms)
#   Decrease number of Java threads
#   Decrease Java thread stack sizes (-Xss)
#   Set larger code cache with -XX:ReservedCodeCacheSize=
#   JVM is running with Unscaled Compressed Oops mode in which the Java heap is
#     placed in the first 4GB address space. The Java Heap base address is the
#     maximum limit for the native heap growth. Please use -XX:HeapBaseMinAddress
#     to set the Java Heap base and to place the Java Heap above 4GB virtual address.
# This output file may be truncated or incomplete.
#
#  Out of Memory Error (c:/BuildAgent/work/5ff2f6c26000d570/src/hotspot/share/memory/arena.cpp:197), pid=59576, tid=58796
#
# JRE version: OpenJDK Runtime Environment (11.0.5+10) (build 11.0.5+10-b520.30)
# Java VM: OpenJDK 64-Bit Server VM (11.0.5+10-b520.30, mixed mode, sharing, tiered, compressed oops, g1 gc, windows-amd64)
# No core dump will be written. Minidumps are not enabled by default on client versions of Windows
#

---------------  S U M M A R Y ------------

Command Line: --add-opens=java.base/java.util=ALL-UNNAMED --add-opens=java.base/java.lang=ALL-UNNAMED --add-opens=java.base/java.lang.invoke=ALL-UNNAMED --add-opens=java.prefs/java.util.prefs=ALL-UNNAMED -XX:MaxMetaspaceSize=256m -XX:+HeapDumpOnOutOfMemoryError -Xms256m -Xmx512m -Dfile.encoding=windows-1250 -Duser.country=PL -Duser.language=pl -Duser.variant org.gradle.launcher.daemon.bootstrap.GradleDaemon 6.0.1

Host: Intel(R) Core(TM) i3-4030U CPU @ 1.90GHz, 4 cores, 7G,  Windows 10 , 64 bit Build 18362 (10.0.18362.778)
Time: Sat Apr 25 16:37:29 2020 ?rodkowoeuropejski czas letni elapsed time: 4 seconds (0d 0h 0m 4s)

---------------  T H R E A D  ---------------

Current thread (0x0000018ba87b4800):  JavaThread "C2 CompilerThread1" daemon [_thread_in_native, id=58796, stack(0x00000022a6600000,0x00000022a6700000)]


Current CompileTask:
C2:   4574 1888   !   4       java.lang.ClassLoader::loadClass (122 bytes)

Stack: [0x00000022a6600000,0x00000022a6700000]
Native frames: (J=compiled Java code, j=interpreted, Vv=VM code, C=native code)
V  [jvm.dll+0x5dcafa]
V  [jvm.dll+0x70e375]
V  [jvm.dll+0x70f898]
V  [jvm.dll+0x70ff63]
V  [jvm.dll+0x23e238]
V  [jvm.dll+0xb8a9c]
V  [jvm.dll+0xb8fac]
V  [jvm.dll+0x34fc9d]
V  [jvm.dll+0x19416c]
V  [jvm.dll+0x1f79ce]
V  [jvm.dll+0x1f6a94]
V  [jvm.dll+0x17f6fc]
V  [jvm.dll+0x204f77]
V  [jvm.dll+0x2037f1]
V  [jvm.dll+0x6d835f]
V  [jvm.dll+0x6d114d]
V  [jvm.dll+0x5dbdd6]
C  [ucrtbase.dll+0x20e72]
C  [KERNEL32.DLL+0x17bd4]
C  [ntdll.dll+0x6ce51]


---------------  P R O C E S S  ---------------

Threads class SMR info:
_java_thread_list=0x0000018ba8ad7e50, length=24, elements={
0x0000018b8e16c000, 0x0000018ba6926000, 0x0000018ba6928800, 0x0000018ba694a000,
0x0000018ba694b000, 0x0000018ba6950000, 0x0000018ba6957800, 0x0000018ba695c000,
0x0000018ba73b2800, 0x0000018ba73bf800, 0x0000018ba9107800, 0x0000018ba8e18000,
0x0000018ba7425800, 0x0000018ba8abb800, 0x0000018ba883a800, 0x0000018ba85c8800,
0x0000018ba895f000, 0x0000018ba87b4800, 0x0000018ba87b1800, 0x0000018ba8b12800,
0x0000018ba88e2000, 0x0000018ba8e51800, 0x0000018ba8e50800, 0x0000018ba8e52000
}

Java Threads: ( => current thread )
  0x0000018b8e16c000 JavaThread "main" [_thread_blocked, id=60464, stack(0x00000022a4b00000,0x00000022a4c00000)]
  0x0000018ba6926000 JavaThread "Reference Handler" daemon [_thread_blocked, id=2672, stack(0x00000022a5200000,0x00000022a5300000)]
  0x0000018ba6928800 JavaThread "Finalizer" daemon [_thread_blocked, id=59884, stack(0x00000022a5300000,0x00000022a5400000)]
  0x0000018ba694a000 JavaThread "Signal Dispatcher" daemon [_thread_blocked, id=61432, stack(0x00000022a5400000,0x00000022a5500000)]
  0x0000018ba694b000 JavaThread "Attach Listener" daemon [_thread_blocked, id=61344, stack(0x00000022a5500000,0x00000022a5600000)]
  0x0000018ba6950000 JavaThread "C2 CompilerThread0" daemon [_thread_blocked, id=59556, stack(0x00000022a5600000,0x00000022a5700000)]
  0x0000018ba6957800 JavaThread "C1 CompilerThread0" daemon [_thread_blocked, id=36704, stack(0x00000022a5700000,0x00000022a5800000)]
  0x0000018ba695c000 JavaThread "Sweeper thread" daemon [_thread_blocked, id=60084, stack(0x00000022a5800000,0x00000022a5900000)]
  0x0000018ba73b2800 JavaThread "Common-Cleaner" daemon [_thread_blocked, id=59536, stack(0x00000022a5900000,0x00000022a5a00000)]
  0x0000018ba73bf800 JavaThread "Service Thread" daemon [_thread_blocked, id=11844, stack(0x00000022a5a00000,0x00000022a5b00000)]
  0x0000018ba9107800 JavaThread "Daemon health stats" [_thread_blocked, id=61096, stack(0x00000022a6000000,0x00000022a6100000)]
  0x0000018ba8e18000 JavaThread "Incoming local TCP Connector on port 50276" [_thread_in_native, id=60136, stack(0x00000022a5c00000,0x00000022a5d00000)]
  0x0000018ba7425800 JavaThread "Daemon periodic checks" [_thread_blocked, id=18580, stack(0x00000022a6100000,0x00000022a6200000)]
  0x0000018ba8abb800 JavaThread "Daemon" [_thread_blocked, id=17764, stack(0x00000022a6200000,0x00000022a6300000)]
  0x0000018ba883a800 JavaThread "Handler for socket connection from /127.0.0.1:50276 to /127.0.0.1:50277" [_thread_in_native, id=3504, stack(0x00000022a6300000,0x00000022a6400000)]
  0x0000018ba85c8800 JavaThread "Cancel handler" [_thread_blocked, id=24260, stack(0x00000022a6400000,0x00000022a6500000)]
  0x0000018ba895f000 JavaThread "Daemon worker" [_thread_in_vm, id=10588, stack(0x00000022a6500000,0x00000022a6600000)]
=>0x0000018ba87b4800 JavaThread "C2 CompilerThread1" daemon [_thread_in_native, id=58796, stack(0x00000022a6600000,0x00000022a6700000)]
  0x0000018ba87b1800 JavaThread "Asynchronous log dispatcher for DefaultDaemonConnection: socket connection from /127.0.0.1:50276 to /127.0.0.1:50277" [_thread_blocked, id=17444, stack(0x00000022a6700000,0x00000022a6800000)]
  0x0000018ba8b12800 JavaThread "Stdin handler" [_thread_blocked, id=61308, stack(0x00000022a6800000,0x00000022a6900000)]
  0x0000018ba88e2000 JavaThread "Thread-8" [_thread_blocked, id=6908, stack(0x00000022a6900000,0x00000022a6a00000)]
  0x0000018ba8e51800 JavaThread "Cache worker for file hash cache (C:\Users\Kamilek\.gradle\caches\6.0.1\fileHashes)" [_thread_blocked, id=38812, stack(0x00000022a6a00000,0x00000022a6b00000)]
  0x0000018ba8e50800 JavaThread "File lock request listener" [_thread_in_native, id=50964, stack(0x00000022a6b00000,0x00000022a6c00000)]
  0x0000018ba8e52000 JavaThread "Cache worker for journal cache (C:\Users\Kamilek\.gradle\caches\journal-1)" [_thread_blocked, id=11940, stack(0x00000022a6c00000,0x00000022a6d00000)]

Other Threads:
  0x0000018ba6923000 VMThread "VM Thread" [stack: 0x00000022a5100000,0x00000022a5200000] [id=5648]
  0x0000018ba73c0000 WatcherThread [stack: 0x00000022a5b00000,0x00000022a5c00000] [id=61120]
  0x0000018b8e185000 GCTaskThread "GC Thread#0" [stack: 0x00000022a4c00000,0x00000022a4d00000] [id=9472]
  0x0000018ba7aae000 GCTaskThread "GC Thread#1" [stack: 0x00000022a5d00000,0x00000022a5e00000] [id=59692]
  0x0000018ba7458800 GCTaskThread "GC Thread#2" [stack: 0x00000022a5e00000,0x00000022a5f00000] [id=1948]
  0x0000018ba767f000 GCTaskThread "GC Thread#3" [stack: 0x00000022a5f00000,0x00000022a6000000] [id=61428]
  0x0000018b8e197000 ConcurrentGCThread "G1 Main Marker" [stack: 0x00000022a4d00000,0x00000022a4e00000] [id=60556]
  0x0000018b8e199000 ConcurrentGCThread "G1 Conc#0" [stack: 0x00000022a4e00000,0x00000022a4f00000] [id=59148]
  0x0000018ba67ea800 ConcurrentGCThread "G1 Refine#0" [stack: 0x00000022a4f00000,0x00000022a5000000] [id=59440]
  0x0000018ba67eb800 ConcurrentGCThread "G1 Young RemSet Sampling" [stack: 0x00000022a5000000,0x00000022a5100000] [id=50476]

Threads with active compile tasks:
C1 CompilerThread0   4644 1996       3       java.lang.invoke.MethodHandles$Lookup::in (168 bytes)
C2 CompilerThread1   4644 1888   !   4       java.lang.ClassLoader::loadClass (122 bytes)

VM state:not at safepoint (normal execution)

VM Mutex/Monitor currently owned by a thread: None

Heap address: 0x00000000e0000000, size: 512 MB, Compressed Oops mode: 32-bit
Narrow klass base: 0x0000000800000000, Narrow klass shift: 3
Compressed class space size: 260046848 Address: 0x0000000840000000

Heap:
 garbage-first heap   total 262144K, used 34518K [0x00000000e0000000, 0x0000000100000000)
  region size 1024K, 22 young (22528K), 3 survivors (3072K)
 Metaspace       used 14279K, capacity 14824K, committed 15104K, reserved 268288K
  class space    used 2073K, capacity 2258K, committed 2304K, reserved 253952K
Heap Regions: E=young(eden), S=young(survivor), O=old, HS=humongous(starts), HC=humongous(continues), CS=collection set, F=free, A=archive, TAMS=top-at-mark-start (previous, next)
|   0|0x00000000e0000000, 0x00000000e0100000, 0x00000000e0100000|100%| O|  |TAMS 0x00000000e0000000, 0x00000000e0000000| Untracked 
|   1|0x00000000e0100000, 0x00000000e0200000, 0x00000000e0200000|100%| O|  |TAMS 0x00000000e0100000, 0x00000000e0100000| Untracked 
|   2|0x00000000e0200000, 0x00000000e0300000, 0x00000000e0300000|100%| O|  |TAMS 0x00000000e0200000, 0x00000000e0200000| Untracked 
|   3|0x00000000e0300000, 0x00000000e0400000, 0x00000000e0400000|100%|HS|  |TAMS 0x00000000e0300000, 0x00000000e0300000| Complete 
|   4|0x00000000e0400000, 0x00000000e0500000, 0x00000000e0500000|100%|HC|  |TAMS 0x00000000e0400000, 0x00000000e0400000| Complete 
|   5|0x00000000e0500000, 0x00000000e0600000, 0x00000000e0600000|100%|HC|  |TAMS 0x00000000e0500000, 0x00000000e0500000| Complete 
|   6|0x00000000e0600000, 0x00000000e0700000, 0x00000000e0700000|100%| O|  |TAMS 0x00000000e0600000, 0x00000000e0600000| Untracked 
|   7|0x00000000e0700000, 0x00000000e0800000, 0x00000000e0800000|100%| O|  |TAMS 0x00000000e0700000, 0x00000000e0700000| Untracked 
|   8|0x00000000e0800000, 0x00000000e0900000, 0x00000000e0900000|100%| O|  |TAMS 0x00000000e0800000, 0x00000000e0800000| Untracked 
|   9|0x00000000e0900000, 0x00000000e0a00000, 0x00000000e0a00000|100%| O|  |TAMS 0x00000000e0900000, 0x00000000e0900000| Untracked 
|  10|0x00000000e0a00000, 0x00000000e0b00000, 0x00000000e0b00000|100%| O|  |TAMS 0x00000000e0a00000, 0x00000000e0a00000| Untracked 
|  11|0x00000000e0b00000, 0x00000000e0c00000, 0x00000000e0c00000|100%| O|  |TAMS 0x00000000e0b00000, 0x00000000e0b00000| Untracked 
|  12|0x00000000e0c00000, 0x00000000e0ce3a00, 0x00000000e0d00000| 88%| O|  |TAMS 0x00000000e0c00000, 0x00000000e0c00000| Untracked 
|  13|0x00000000e0d00000, 0x00000000e0d00000, 0x00000000e0e00000|  0%| F|  |TAMS 0x00000000e0d00000, 0x00000000e0d00000| Untracked 
|  14|0x00000000e0e00000, 0x00000000e0e00000, 0x00000000e0f00000|  0%| F|  |TAMS 0x00000000e0e00000, 0x00000000e0e00000| Untracked 
|  15|0x00000000e0f00000, 0x00000000e0f00000, 0x00000000e1000000|  0%| F|  |TAMS 0x00000000e0f00000, 0x00000000e0f00000| Untracked 
|  16|0x00000000e1000000, 0x00000000e1000000, 0x00000000e1100000|  0%| F|  |TAMS 0x00000000e1000000, 0x00000000e1000000| Untracked 
|  17|0x00000000e1100000, 0x00000000e1100000, 0x00000000e1200000|  0%| F|  |TAMS 0x00000000e1100000, 0x00000000e1100000| Untracked 
|  18|0x00000000e1200000, 0x00000000e1200000, 0x00000000e1300000|  0%| F|  |TAMS 0x00000000e1200000, 0x00000000e1200000| Untracked 
|  19|0x00000000e1300000, 0x00000000e1300000, 0x00000000e1400000|  0%| F|  |TAMS 0x00000000e1300000, 0x00000000e1300000| Untracked 
|  20|0x00000000e1400000, 0x00000000e1400000, 0x00000000e1500000|  0%| F|  |TAMS 0x00000000e1400000, 0x00000000e1400000| Untracked 
|  21|0x00000000e1500000, 0x00000000e1500000, 0x00000000e1600000|  0%| F|  |TAMS 0x00000000e1500000, 0x00000000e1500000| Untracked 
|  22|0x00000000e1600000, 0x00000000e1600000, 0x00000000e1700000|  0%| F|  |TAMS 0x00000000e1600000, 0x00000000e1600000| Untracked 
|  23|0x00000000e1700000, 0x00000000e1700000, 0x00000000e1800000|  0%| F|  |TAMS 0x00000000e1700000, 0x00000000e1700000| Untracked 
|  24|0x00000000e1800000, 0x00000000e1800000, 0x00000000e1900000|  0%| F|  |TAMS 0x00000000e1800000, 0x00000000e1800000| Untracked 
|  25|0x00000000e1900000, 0x00000000e1900000, 0x00000000e1a00000|  0%| F|  |TAMS 0x00000000e1900000, 0x00000000e1900000| Untracked 
|  26|0x00000000e1a00000, 0x00000000e1a00000, 0x00000000e1b00000|  0%| F|  |TAMS 0x00000000e1a00000, 0x00000000e1a00000| Untracked 
|  27|0x00000000e1b00000, 0x00000000e1b00000, 0x00000000e1c00000|  0%| F|  |TAMS 0x00000000e1b00000, 0x00000000e1b00000| Untracked 
|  28|0x00000000e1c00000, 0x00000000e1c00000, 0x00000000e1d00000|  0%| F|  |TAMS 0x00000000e1c00000, 0x00000000e1c00000| Untracked 
|  29|0x00000000e1d00000, 0x00000000e1d00000, 0x00000000e1e00000|  0%| F|  |TAMS 0x00000000e1d00000, 0x00000000e1d00000| Untracked 
|  30|0x00000000e1e00000, 0x00000000e1e00000, 0x00000000e1f00000|  0%| F|  |TAMS 0x00000000e1e00000, 0x00000000e1e00000| Untracked 
|  31|0x00000000e1f00000, 0x00000000e1f00000, 0x00000000e2000000|  0%| F|  |TAMS 0x00000000e1f00000, 0x00000000e1f00000| Untracked 
|  32|0x00000000e2000000, 0x00000000e2000000, 0x00000000e2100000|  0%| F|  |TAMS 0x00000000e2000000, 0x00000000e2000000| Untracked 
|  33|0x00000000e2100000, 0x00000000e2100000, 0x00000000e2200000|  0%| F|  |TAMS 0x00000000e2100000, 0x00000000e2100000| Untracked 
|  34|0x00000000e2200000, 0x00000000e2200000, 0x00000000e2300000|  0%| F|  |TAMS 0x00000000e2200000, 0x00000000e2200000| Untracked 
|  35|0x00000000e2300000, 0x00000000e2300000, 0x00000000e2400000|  0%| F|  |TAMS 0x00000000e2300000, 0x00000000e2300000| Untracked 
|  36|0x00000000e2400000, 0x00000000e2400000, 0x00000000e2500000|  0%| F|  |TAMS 0x00000000e2400000, 0x00000000e2400000| Untracked 
|  37|0x00000000e2500000, 0x00000000e2500000, 0x00000000e2600000|  0%| F|  |TAMS 0x00000000e2500000, 0x00000000e2500000| Untracked 
|  38|0x00000000e2600000, 0x00000000e2600000, 0x00000000e2700000|  0%| F|  |TAMS 0x00000000e2600000, 0x00000000e2600000| Untracked 
|  39|0x00000000e2700000, 0x00000000e2700000, 0x00000000e2800000|  0%| F|  |TAMS 0x00000000e2700000, 0x00000000e2700000| Untracked 
|  40|0x00000000e2800000, 0x00000000e2800000, 0x00000000e2900000|  0%| F|  |TAMS 0x00000000e2800000, 0x00000000e2800000| Untracked 
|  41|0x00000000e2900000, 0x00000000e2900000, 0x00000000e2a00000|  0%| F|  |TAMS 0x00000000e2900000, 0x00000000e2900000| Untracked 
|  42|0x00000000e2a00000, 0x00000000e2a00000, 0x00000000e2b00000|  0%| F|  |TAMS 0x00000000e2a00000, 0x00000000e2a00000| Untracked 
|  43|0x00000000e2b00000, 0x00000000e2b00000, 0x00000000e2c00000|  0%| F|  |TAMS 0x00000000e2b00000, 0x00000000e2b00000| Untracked 
|  44|0x00000000e2c00000, 0x00000000e2c00000, 0x00000000e2d00000|  0%| F|  |TAMS 0x00000000e2c00000, 0x00000000e2c00000| Untracked 
|  45|0x00000000e2d00000, 0x00000000e2d00000, 0x00000000e2e00000|  0%| F|  |TAMS 0x00000000e2d00000, 0x00000000e2d00000| Untracked 
|  46|0x00000000e2e00000, 0x00000000e2e00000, 0x00000000e2f00000|  0%| F|  |TAMS 0x00000000e2e00000, 0x00000000e2e00000| Untracked 
|  47|0x00000000e2f00000, 0x00000000e2f00000, 0x00000000e3000000|  0%| F|  |TAMS 0x00000000e2f00000, 0x00000000e2f00000| Untracked 
|  48|0x00000000e3000000, 0x00000000e3000000, 0x00000000e3100000|  0%| F|  |TAMS 0x00000000e3000000, 0x00000000e3000000| Untracked 
|  49|0x00000000e3100000, 0x00000000e3100000, 0x00000000e3200000|  0%| F|  |TAMS 0x00000000e3100000, 0x00000000e3100000| Untracked 
|  50|0x00000000e3200000, 0x00000000e3200000, 0x00000000e3300000|  0%| F|  |TAMS 0x00000000e3200000, 0x00000000e3200000| Untracked 
|  51|0x00000000e3300000, 0x00000000e3300000, 0x00000000e3400000|  0%| F|  |TAMS 0x00000000e3300000, 0x00000000e3300000| Untracked 
|  52|0x00000000e3400000, 0x00000000e3400000, 0x00000000e3500000|  0%| F|  |TAMS 0x00000000e3400000, 0x00000000e3400000| Untracked 
|  53|0x00000000e3500000, 0x00000000e3500000, 0x00000000e3600000|  0%| F|  |TAMS 0x00000000e3500000, 0x00000000e3500000| Untracked 
|  54|0x00000000e3600000, 0x00000000e3600000, 0x00000000e3700000|  0%| F|  |TAMS 0x00000000e3600000, 0x00000000e3600000| Untracked 
|  55|0x00000000e3700000, 0x00000000e3700000, 0x00000000e3800000|  0%| F|  |TAMS 0x00000000e3700000, 0x00000000e3700000| Untracked 
|  56|0x00000000e3800000, 0x00000000e3800000, 0x00000000e3900000|  0%| F|  |TAMS 0x00000000e3800000, 0x00000000e3800000| Untracked 
|  57|0x00000000e3900000, 0x00000000e3900000, 0x00000000e3a00000|  0%| F|  |TAMS 0x00000000e3900000, 0x00000000e3900000| Untracked 
|  58|0x00000000e3a00000, 0x00000000e3a00000, 0x00000000e3b00000|  0%| F|  |TAMS 0x00000000e3a00000, 0x00000000e3a00000| Untracked 
|  59|0x00000000e3b00000, 0x00000000e3b00000, 0x00000000e3c00000|  0%| F|  |TAMS 0x00000000e3b00000, 0x00000000e3b00000| Untracked 
|  60|0x00000000e3c00000, 0x00000000e3c00000, 0x00000000e3d00000|  0%| F|  |TAMS 0x00000000e3c00000, 0x00000000e3c00000| Untracked 
|  61|0x00000000e3d00000, 0x00000000e3d00000, 0x00000000e3e00000|  0%| F|  |TAMS 0x00000000e3d00000, 0x00000000e3d00000| Untracked 
|  62|0x00000000e3e00000, 0x00000000e3e00000, 0x00000000e3f00000|  0%| F|  |TAMS 0x00000000e3e00000, 0x00000000e3e00000| Untracked 
|  63|0x00000000e3f00000, 0x00000000e3f00000, 0x00000000e4000000|  0%| F|  |TAMS 0x00000000e3f00000, 0x00000000e3f00000| Untracked 
|  64|0x00000000e4000000, 0x00000000e4000000, 0x00000000e4100000|  0%| F|  |TAMS 0x00000000e4000000, 0x00000000e4000000| Untracked 
|  65|0x00000000e4100000, 0x00000000e4100000, 0x00000000e4200000|  0%| F|  |TAMS 0x00000000e4100000, 0x00000000e4100000| Untracked 
|  66|0x00000000e4200000, 0x00000000e4200000, 0x00000000e4300000|  0%| F|  |TAMS 0x00000000e4200000, 0x00000000e4200000| Untracked 
|  67|0x00000000e4300000, 0x00000000e4300000, 0x00000000e4400000|  0%| F|  |TAMS 0x00000000e4300000, 0x00000000e4300000| Untracked 
|  68|0x00000000e4400000, 0x00000000e4400000, 0x00000000e4500000|  0%| F|  |TAMS 0x00000000e4400000, 0x00000000e4400000| Untracked 
|  69|0x00000000e4500000, 0x00000000e4500000, 0x00000000e4600000|  0%| F|  |TAMS 0x00000000e4500000, 0x00000000e4500000| Untracked 
|  70|0x00000000e4600000, 0x00000000e4600000, 0x00000000e4700000|  0%| F|  |TAMS 0x00000000e4600000, 0x00000000e4600000| Untracked 
|  71|0x00000000e4700000, 0x00000000e4700000, 0x00000000e4800000|  0%| F|  |TAMS 0x00000000e4700000, 0x00000000e4700000| Untracked 
|  72|0x00000000e4800000, 0x00000000e4800000, 0x00000000e4900000|  0%| F|  |TAMS 0x00000000e4800000, 0x00000000e4800000| Untracked 
|  73|0x00000000e4900000, 0x00000000e4900000, 0x00000000e4a00000|  0%| F|  |TAMS 0x00000000e4900000, 0x00000000e4900000| Untracked 
|  74|0x00000000e4a00000, 0x00000000e4a00000, 0x00000000e4b00000|  0%| F|  |TAMS 0x00000000e4a00000, 0x00000000e4a00000| Untracked 
|  75|0x00000000e4b00000, 0x00000000e4b00000, 0x00000000e4c00000|  0%| F|  |TAMS 0x00000000e4b00000, 0x00000000e4b00000| Untracked 
|  76|0x00000000e4c00000, 0x00000000e4c00000, 0x00000000e4d00000|  0%| F|  |TAMS 0x00000000e4c00000, 0x00000000e4c00000| Untracked 
|  77|0x00000000e4d00000, 0x00000000e4d00000, 0x00000000e4e00000|  0%| F|  |TAMS 0x00000000e4d00000, 0x00000000e4d00000| Untracked 
|  78|0x00000000e4e00000, 0x00000000e4e00000, 0x00000000e4f00000|  0%| F|  |TAMS 0x00000000e4e00000, 0x00000000e4e00000| Untracked 
|  79|0x00000000e4f00000, 0x00000000e4f00000, 0x00000000e5000000|  0%| F|  |TAMS 0x00000000e4f00000, 0x00000000e4f00000| Untracked 
|  80|0x00000000e5000000, 0x00000000e5000000, 0x00000000e5100000|  0%| F|  |TAMS 0x00000000e5000000, 0x00000000e5000000| Untracked 
|  81|0x00000000e5100000, 0x00000000e5100000, 0x00000000e5200000|  0%| F|  |TAMS 0x00000000e5100000, 0x00000000e5100000| Untracked 
|  82|0x00000000e5200000, 0x00000000e5200000, 0x00000000e5300000|  0%| F|  |TAMS 0x00000000e5200000, 0x00000000e5200000| Untracked 
|  83|0x00000000e5300000, 0x00000000e5300000, 0x00000000e5400000|  0%| F|  |TAMS 0x00000000e5300000, 0x00000000e5300000| Untracked 
|  84|0x00000000e5400000, 0x00000000e5400000, 0x00000000e5500000|  0%| F|  |TAMS 0x00000000e5400000, 0x00000000e5400000| Untracked 
|  85|0x00000000e5500000, 0x00000000e5500000, 0x00000000e5600000|  0%| F|  |TAMS 0x00000000e5500000, 0x00000000e5500000| Untracked 
|  86|0x00000000e5600000, 0x00000000e5600000, 0x00000000e5700000|  0%| F|  |TAMS 0x00000000e5600000, 0x00000000e5600000| Untracked 
|  87|0x00000000e5700000, 0x00000000e5700000, 0x00000000e5800000|  0%| F|  |TAMS 0x00000000e5700000, 0x00000000e5700000| Untracked 
|  88|0x00000000e5800000, 0x00000000e5800000, 0x00000000e5900000|  0%| F|  |TAMS 0x00000000e5800000, 0x00000000e5800000| Untracked 
|  89|0x00000000e5900000, 0x00000000e5900000, 0x00000000e5a00000|  0%| F|  |TAMS 0x00000000e5900000, 0x00000000e5900000| Untracked 
|  90|0x00000000e5a00000, 0x00000000e5a00000, 0x00000000e5b00000|  0%| F|  |TAMS 0x00000000e5a00000, 0x00000000e5a00000| Untracked 
|  91|0x00000000e5b00000, 0x00000000e5b00000, 0x00000000e5c00000|  0%| F|  |TAMS 0x00000000e5b00000, 0x00000000e5b00000| Untracked 
|  92|0x00000000e5c00000, 0x00000000e5c00000, 0x00000000e5d00000|  0%| F|  |TAMS 0x00000000e5c00000, 0x00000000e5c00000| Untracked 
|  93|0x00000000e5d00000, 0x00000000e5d00000, 0x00000000e5e00000|  0%| F|  |TAMS 0x00000000e5d00000, 0x00000000e5d00000| Untracked 
|  94|0x00000000e5e00000, 0x00000000e5e00000, 0x00000000e5f00000|  0%| F|  |TAMS 0x00000000e5e00000, 0x00000000e5e00000| Untracked 
|  95|0x00000000e5f00000, 0x00000000e5f00000, 0x00000000e6000000|  0%| F|  |TAMS 0x00000000e5f00000, 0x00000000e5f00000| Untracked 
|  96|0x00000000e6000000, 0x00000000e6000000, 0x00000000e6100000|  0%| F|  |TAMS 0x00000000e6000000, 0x00000000e6000000| Untracked 
|  97|0x00000000e6100000, 0x00000000e6100000, 0x00000000e6200000|  0%| F|  |TAMS 0x00000000e6100000, 0x00000000e6100000| Untracked 
|  98|0x00000000e6200000, 0x00000000e6200000, 0x00000000e6300000|  0%| F|  |TAMS 0x00000000e6200000, 0x00000000e6200000| Untracked 
|  99|0x00000000e6300000, 0x00000000e6300000, 0x00000000e6400000|  0%| F|  |TAMS 0x00000000e6300000, 0x00000000e6300000| Untracked 
| 100|0x00000000e6400000, 0x00000000e6400000, 0x00000000e6500000|  0%| F|  |TAMS 0x00000000e6400000, 0x00000000e6400000| Untracked 
| 101|0x00000000e6500000, 0x00000000e6500000, 0x00000000e6600000|  0%| F|  |TAMS 0x00000000e6500000, 0x00000000e6500000| Untracked 
| 102|0x00000000e6600000, 0x00000000e6600000, 0x00000000e6700000|  0%| F|  |TAMS 0x00000000e6600000, 0x00000000e6600000| Untracked 
| 103|0x00000000e6700000, 0x00000000e6700000, 0x00000000e6800000|  0%| F|  |TAMS 0x00000000e6700000, 0x00000000e6700000| Untracked 
| 104|0x00000000e6800000, 0x00000000e6800000, 0x00000000e6900000|  0%| F|  |TAMS 0x00000000e6800000, 0x00000000e6800000| Untracked 
| 105|0x00000000e6900000, 0x00000000e6900000, 0x00000000e6a00000|  0%| F|  |TAMS 0x00000000e6900000, 0x00000000e6900000| Untracked 
| 106|0x00000000e6a00000, 0x00000000e6a00000, 0x00000000e6b00000|  0%| F|  |TAMS 0x00000000e6a00000, 0x00000000e6a00000| Untracked 
| 107|0x00000000e6b00000, 0x00000000e6b00000, 0x00000000e6c00000|  0%| F|  |TAMS 0x00000000e6b00000, 0x00000000e6b00000| Untracked 
| 108|0x00000000e6c00000, 0x00000000e6c00000, 0x00000000e6d00000|  0%| F|  |TAMS 0x00000000e6c00000, 0x00000000e6c00000| Untracked 
| 109|0x00000000e6d00000, 0x00000000e6d00000, 0x00000000e6e00000|  0%| F|  |TAMS 0x00000000e6d00000, 0x00000000e6d00000| Untracked 
| 110|0x00000000e6e00000, 0x00000000e6e00000, 0x00000000e6f00000|  0%| F|  |TAMS 0x00000000e6e00000, 0x00000000e6e00000| Untracked 
| 111|0x00000000e6f00000, 0x00000000e6f00000, 0x00000000e7000000|  0%| F|  |TAMS 0x00000000e6f00000, 0x00000000e6f00000| Untracked 
| 112|0x00000000e7000000, 0x00000000e7000000, 0x00000000e7100000|  0%| F|  |TAMS 0x00000000e7000000, 0x00000000e7000000| Untracked 
| 113|0x00000000e7100000, 0x00000000e7100000, 0x00000000e7200000|  0%| F|  |TAMS 0x00000000e7100000, 0x00000000e7100000| Untracked 
| 114|0x00000000e7200000, 0x00000000e7200000, 0x00000000e7300000|  0%| F|  |TAMS 0x00000000e7200000, 0x00000000e7200000| Untracked 
| 115|0x00000000e7300000, 0x00000000e7300000, 0x00000000e7400000|  0%| F|  |TAMS 0x00000000e7300000, 0x00000000e7300000| Untracked 
| 116|0x00000000e7400000, 0x00000000e7400000, 0x00000000e7500000|  0%| F|  |TAMS 0x00000000e7400000, 0x00000000e7400000| Untracked 
| 117|0x00000000e7500000, 0x00000000e7500000, 0x00000000e7600000|  0%| F|  |TAMS 0x00000000e7500000, 0x00000000e7500000| Untracked 
| 118|0x00000000e7600000, 0x00000000e7600000, 0x00000000e7700000|  0%| F|  |TAMS 0x00000000e7600000, 0x00000000e7600000| Untracked 
| 119|0x00000000e7700000, 0x00000000e7700000, 0x00000000e7800000|  0%| F|  |TAMS 0x00000000e7700000, 0x00000000e7700000| Untracked 
| 120|0x00000000e7800000, 0x00000000e7800000, 0x00000000e7900000|  0%| F|  |TAMS 0x00000000e7800000, 0x00000000e7800000| Untracked 
| 121|0x00000000e7900000, 0x00000000e7900000, 0x00000000e7a00000|  0%| F|  |TAMS 0x00000000e7900000, 0x00000000e7900000| Untracked 
| 122|0x00000000e7a00000, 0x00000000e7a00000, 0x00000000e7b00000|  0%| F|  |TAMS 0x00000000e7a00000, 0x00000000e7a00000| Untracked 
| 123|0x00000000e7b00000, 0x00000000e7b00000, 0x00000000e7c00000|  0%| F|  |TAMS 0x00000000e7b00000, 0x00000000e7b00000| Untracked 
| 124|0x00000000e7c00000, 0x00000000e7c00000, 0x00000000e7d00000|  0%| F|  |TAMS 0x00000000e7c00000, 0x00000000e7c00000| Untracked 
| 125|0x00000000e7d00000, 0x00000000e7d00000, 0x00000000e7e00000|  0%| F|  |TAMS 0x00000000e7d00000, 0x00000000e7d00000| Untracked 
| 126|0x00000000e7e00000, 0x00000000e7e00000, 0x00000000e7f00000|  0%| F|  |TAMS 0x00000000e7e00000, 0x00000000e7e00000| Untracked 
| 127|0x00000000e7f00000, 0x00000000e7f00000, 0x00000000e8000000|  0%| F|  |TAMS 0x00000000e7f00000, 0x00000000e7f00000| Untracked 
| 128|0x00000000e8000000, 0x00000000e8000000, 0x00000000e8100000|  0%| F|  |TAMS 0x00000000e8000000, 0x00000000e8000000| Untracked 
| 129|0x00000000e8100000, 0x00000000e8100000, 0x00000000e8200000|  0%| F|  |TAMS 0x00000000e8100000, 0x00000000e8100000| Untracked 
| 130|0x00000000e8200000, 0x00000000e8200000, 0x00000000e8300000|  0%| F|  |TAMS 0x00000000e8200000, 0x00000000e8200000| Untracked 
| 131|0x00000000e8300000, 0x00000000e8300000, 0x00000000e8400000|  0%| F|  |TAMS 0x00000000e8300000, 0x00000000e8300000| Untracked 
| 132|0x00000000e8400000, 0x00000000e8400000, 0x00000000e8500000|  0%| F|  |TAMS 0x00000000e8400000, 0x00000000e8400000| Untracked 
| 133|0x00000000e8500000, 0x00000000e8500000, 0x00000000e8600000|  0%| F|  |TAMS 0x00000000e8500000, 0x00000000e8500000| Untracked 
| 134|0x00000000e8600000, 0x00000000e8600000, 0x00000000e8700000|  0%| F|  |TAMS 0x00000000e8600000, 0x00000000e8600000| Untracked 
| 135|0x00000000e8700000, 0x00000000e8700000, 0x00000000e8800000|  0%| F|  |TAMS 0x00000000e8700000, 0x00000000e8700000| Untracked 
| 136|0x00000000e8800000, 0x00000000e8800000, 0x00000000e8900000|  0%| F|  |TAMS 0x00000000e8800000, 0x00000000e8800000| Untracked 
| 137|0x00000000e8900000, 0x00000000e8900000, 0x00000000e8a00000|  0%| F|  |TAMS 0x00000000e8900000, 0x00000000e8900000| Untracked 
| 138|0x00000000e8a00000, 0x00000000e8a00000, 0x00000000e8b00000|  0%| F|  |TAMS 0x00000000e8a00000, 0x00000000e8a00000| Untracked 
| 139|0x00000000e8b00000, 0x00000000e8b00000, 0x00000000e8c00000|  0%| F|  |TAMS 0x00000000e8b00000, 0x00000000e8b00000| Untracked 
| 140|0x00000000e8c00000, 0x00000000e8c00000, 0x00000000e8d00000|  0%| F|  |TAMS 0x00000000e8c00000, 0x00000000e8c00000| Untracked 
| 141|0x00000000e8d00000, 0x00000000e8d00000, 0x00000000e8e00000|  0%| F|  |TAMS 0x00000000e8d00000, 0x00000000e8d00000| Untracked 
| 142|0x00000000e8e00000, 0x00000000e8e00000, 0x00000000e8f00000|  0%| F|  |TAMS 0x00000000e8e00000, 0x00000000e8e00000| Untracked 
| 143|0x00000000e8f00000, 0x00000000e8f00000, 0x00000000e9000000|  0%| F|  |TAMS 0x00000000e8f00000, 0x00000000e8f00000| Untracked 
| 144|0x00000000e9000000, 0x00000000e9000000, 0x00000000e9100000|  0%| F|  |TAMS 0x00000000e9000000, 0x00000000e9000000| Untracked 
| 145|0x00000000e9100000, 0x00000000e9100000, 0x00000000e9200000|  0%| F|  |TAMS 0x00000000e9100000, 0x00000000e9100000| Untracked 
| 146|0x00000000e9200000, 0x00000000e9200000, 0x00000000e9300000|  0%| F|  |TAMS 0x00000000e9200000, 0x00000000e9200000| Untracked 
| 147|0x00000000e9300000, 0x00000000e9300000, 0x00000000e9400000|  0%| F|  |TAMS 0x00000000e9300000, 0x00000000e9300000| Untracked 
| 148|0x00000000e9400000, 0x00000000e9400000, 0x00000000e9500000|  0%| F|  |TAMS 0x00000000e9400000, 0x00000000e9400000| Untracked 
| 149|0x00000000e9500000, 0x00000000e9500000, 0x00000000e9600000|  0%| F|  |TAMS 0x00000000e9500000, 0x00000000e9500000| Untracked 
| 150|0x00000000e9600000, 0x00000000e9600000, 0x00000000e9700000|  0%| F|  |TAMS 0x00000000e9600000, 0x00000000e9600000| Untracked 
| 151|0x00000000e9700000, 0x00000000e9700000, 0x00000000e9800000|  0%| F|  |TAMS 0x00000000e9700000, 0x00000000e9700000| Untracked 
| 152|0x00000000e9800000, 0x00000000e9800000, 0x00000000e9900000|  0%| F|  |TAMS 0x00000000e9800000, 0x00000000e9800000| Untracked 
| 153|0x00000000e9900000, 0x00000000e9900000, 0x00000000e9a00000|  0%| F|  |TAMS 0x00000000e9900000, 0x00000000e9900000| Untracked 
| 154|0x00000000e9a00000, 0x00000000e9a00000, 0x00000000e9b00000|  0%| F|  |TAMS 0x00000000e9a00000, 0x00000000e9a00000| Untracked 
| 155|0x00000000e9b00000, 0x00000000e9b00000, 0x00000000e9c00000|  0%| F|  |TAMS 0x00000000e9b00000, 0x00000000e9b00000| Untracked 
| 156|0x00000000e9c00000, 0x00000000e9c00000, 0x00000000e9d00000|  0%| F|  |TAMS 0x00000000e9c00000, 0x00000000e9c00000| Untracked 
| 157|0x00000000e9d00000, 0x00000000e9d00000, 0x00000000e9e00000|  0%| F|  |TAMS 0x00000000e9d00000, 0x00000000e9d00000| Untracked 
| 158|0x00000000e9e00000, 0x00000000e9e00000, 0x00000000e9f00000|  0%| F|  |TAMS 0x00000000e9e00000, 0x00000000e9e00000| Untracked 
| 159|0x00000000e9f00000, 0x00000000e9f00000, 0x00000000ea000000|  0%| F|  |TAMS 0x00000000e9f00000, 0x00000000e9f00000| Untracked 
| 160|0x00000000ea000000, 0x00000000ea000000, 0x00000000ea100000|  0%| F|  |TAMS 0x00000000ea000000, 0x00000000ea000000| Untracked 
| 161|0x00000000ea100000, 0x00000000ea100000, 0x00000000ea200000|  0%| F|  |TAMS 0x00000000ea100000, 0x00000000ea100000| Untracked 
| 162|0x00000000ea200000, 0x00000000ea200000, 0x00000000ea300000|  0%| F|  |TAMS 0x00000000ea200000, 0x00000000ea200000| Untracked 
| 163|0x00000000ea300000, 0x00000000ea300000, 0x00000000ea400000|  0%| F|  |TAMS 0x00000000ea300000, 0x00000000ea300000| Untracked 
| 164|0x00000000ea400000, 0x00000000ea400000, 0x00000000ea500000|  0%| F|  |TAMS 0x00000000ea400000, 0x00000000ea400000| Untracked 
| 165|0x00000000ea500000, 0x00000000ea500000, 0x00000000ea600000|  0%| F|  |TAMS 0x00000000ea500000, 0x00000000ea500000| Untracked 
| 166|0x00000000ea600000, 0x00000000ea600000, 0x00000000ea700000|  0%| F|  |TAMS 0x00000000ea600000, 0x00000000ea600000| Untracked 
| 167|0x00000000ea700000, 0x00000000ea700000, 0x00000000ea800000|  0%| F|  |TAMS 0x00000000ea700000, 0x00000000ea700000| Untracked 
| 168|0x00000000ea800000, 0x00000000ea800000, 0x00000000ea900000|  0%| F|  |TAMS 0x00000000ea800000, 0x00000000ea800000| Untracked 
| 169|0x00000000ea900000, 0x00000000ea900000, 0x00000000eaa00000|  0%| F|  |TAMS 0x00000000ea900000, 0x00000000ea900000| Untracked 
| 170|0x00000000eaa00000, 0x00000000eaa00000, 0x00000000eab00000|  0%| F|  |TAMS 0x00000000eaa00000, 0x00000000eaa00000| Untracked 
| 171|0x00000000eab00000, 0x00000000eab00000, 0x00000000eac00000|  0%| F|  |TAMS 0x00000000eab00000, 0x00000000eab00000| Untracked 
| 172|0x00000000eac00000, 0x00000000eac00000, 0x00000000ead00000|  0%| F|  |TAMS 0x00000000eac00000, 0x00000000eac00000| Untracked 
| 173|0x00000000ead00000, 0x00000000ead00000, 0x00000000eae00000|  0%| F|  |TAMS 0x00000000ead00000, 0x00000000ead00000| Untracked 
| 174|0x00000000eae00000, 0x00000000eae00000, 0x00000000eaf00000|  0%| F|  |TAMS 0x00000000eae00000, 0x00000000eae00000| Untracked 
| 175|0x00000000eaf00000, 0x00000000eaf00000, 0x00000000eb000000|  0%| F|  |TAMS 0x00000000eaf00000, 0x00000000eaf00000| Untracked 
| 176|0x00000000eb000000, 0x00000000eb000000, 0x00000000eb100000|  0%| F|  |TAMS 0x00000000eb000000, 0x00000000eb000000| Untracked 
| 177|0x00000000eb100000, 0x00000000eb100000, 0x00000000eb200000|  0%| F|  |TAMS 0x00000000eb100000, 0x00000000eb100000| Untracked 
| 178|0x00000000eb200000, 0x00000000eb200000, 0x00000000eb300000|  0%| F|  |TAMS 0x00000000eb200000, 0x00000000eb200000| Untracked 
| 179|0x00000000eb300000, 0x00000000eb300000, 0x00000000eb400000|  0%| F|  |TAMS 0x00000000eb300000, 0x00000000eb300000| Untracked 
| 180|0x00000000eb400000, 0x00000000eb400000, 0x00000000eb500000|  0%| F|  |TAMS 0x00000000eb400000, 0x00000000eb400000| Untracked 
| 181|0x00000000eb500000, 0x00000000eb500000, 0x00000000eb600000|  0%| F|  |TAMS 0x00000000eb500000, 0x00000000eb500000| Untracked 
| 182|0x00000000eb600000, 0x00000000eb600000, 0x00000000eb700000|  0%| F|  |TAMS 0x00000000eb600000, 0x00000000eb600000| Untracked 
| 183|0x00000000eb700000, 0x00000000eb700000, 0x00000000eb800000|  0%| F|  |TAMS 0x00000000eb700000, 0x00000000eb700000| Untracked 
| 184|0x00000000eb800000, 0x00000000eb800000, 0x00000000eb900000|  0%| F|  |TAMS 0x00000000eb800000, 0x00000000eb800000| Untracked 
| 185|0x00000000eb900000, 0x00000000eb900000, 0x00000000eba00000|  0%| F|  |TAMS 0x00000000eb900000, 0x00000000eb900000| Untracked 
| 186|0x00000000eba00000, 0x00000000eba00000, 0x00000000ebb00000|  0%| F|  |TAMS 0x00000000eba00000, 0x00000000eba00000| Untracked 
| 187|0x00000000ebb00000, 0x00000000ebb00000, 0x00000000ebc00000|  0%| F|  |TAMS 0x00000000ebb00000, 0x00000000ebb00000| Untracked 
| 188|0x00000000ebc00000, 0x00000000ebc00000, 0x00000000ebd00000|  0%| F|  |TAMS 0x00000000ebc00000, 0x00000000ebc00000| Untracked 
| 189|0x00000000ebd00000, 0x00000000ebd00000, 0x00000000ebe00000|  0%| F|  |TAMS 0x00000000ebd00000, 0x00000000ebd00000| Untracked 
| 190|0x00000000ebe00000, 0x00000000ebe00000, 0x00000000ebf00000|  0%| F|  |TAMS 0x00000000ebe00000, 0x00000000ebe00000| Untracked 
| 191|0x00000000ebf00000, 0x00000000ebf00000, 0x00000000ec000000|  0%| F|  |TAMS 0x00000000ebf00000, 0x00000000ebf00000| Untracked 
| 192|0x00000000ec000000, 0x00000000ec000000, 0x00000000ec100000|  0%| F|  |TAMS 0x00000000ec000000, 0x00000000ec000000| Untracked 
| 193|0x00000000ec100000, 0x00000000ec100000, 0x00000000ec200000|  0%| F|  |TAMS 0x00000000ec100000, 0x00000000ec100000| Untracked 
| 194|0x00000000ec200000, 0x00000000ec200000, 0x00000000ec300000|  0%| F|  |TAMS 0x00000000ec200000, 0x00000000ec200000| Untracked 
| 195|0x00000000ec300000, 0x00000000ec300000, 0x00000000ec400000|  0%| F|  |TAMS 0x00000000ec300000, 0x00000000ec300000| Untracked 
| 196|0x00000000ec400000, 0x00000000ec400000, 0x00000000ec500000|  0%| F|  |TAMS 0x00000000ec400000, 0x00000000ec400000| Untracked 
| 197|0x00000000ec500000, 0x00000000ec500000, 0x00000000ec600000|  0%| F|  |TAMS 0x00000000ec500000, 0x00000000ec500000| Untracked 
| 198|0x00000000ec600000, 0x00000000ec600000, 0x00000000ec700000|  0%| F|  |TAMS 0x00000000ec600000, 0x00000000ec600000| Untracked 
| 199|0x00000000ec700000, 0x00000000ec700000, 0x00000000ec800000|  0%| F|  |TAMS 0x00000000ec700000, 0x00000000ec700000| Untracked 
| 200|0x00000000ec800000, 0x00000000ec800000, 0x00000000ec900000|  0%| F|  |TAMS 0x00000000ec800000, 0x00000000ec800000| Untracked 
| 201|0x00000000ec900000, 0x00000000ec900000, 0x00000000eca00000|  0%| F|  |TAMS 0x00000000ec900000, 0x00000000ec900000| Untracked 
| 202|0x00000000eca00000, 0x00000000eca00000, 0x00000000ecb00000|  0%| F|  |TAMS 0x00000000eca00000, 0x00000000eca00000| Untracked 
| 203|0x00000000ecb00000, 0x00000000ecb00000, 0x00000000ecc00000|  0%| F|  |TAMS 0x00000000ecb00000, 0x00000000ecb00000| Untracked 
| 204|0x00000000ecc00000, 0x00000000ecc00000, 0x00000000ecd00000|  0%| F|  |TAMS 0x00000000ecc00000, 0x00000000ecc00000| Untracked 
| 205|0x00000000ecd00000, 0x00000000ecd00000, 0x00000000ece00000|  0%| F|  |TAMS 0x00000000ecd00000, 0x00000000ecd00000| Untracked 
| 206|0x00000000ece00000, 0x00000000ece00000, 0x00000000ecf00000|  0%| F|  |TAMS 0x00000000ece00000, 0x00000000ece00000| Untracked 
| 207|0x00000000ecf00000, 0x00000000ecfd1fa0, 0x00000000ed000000| 82%| S|CS|TAMS 0x00000000ecf00000, 0x00000000ecf00000| Complete 
| 208|0x00000000ed000000, 0x00000000ed100000, 0x00000000ed100000|100%| S|CS|TAMS 0x00000000ed000000, 0x00000000ed000000| Complete 
| 209|0x00000000ed100000, 0x00000000ed200000, 0x00000000ed200000|100%| S|CS|TAMS 0x00000000ed100000, 0x00000000ed100000| Complete 
| 210|0x00000000ed200000, 0x00000000ed200000, 0x00000000ed300000|  0%| F|  |TAMS 0x00000000ed200000, 0x00000000ed200000| Untracked 
| 211|0x00000000ed300000, 0x00000000ed300000, 0x00000000ed400000|  0%| F|  |TAMS 0x00000000ed300000, 0x00000000ed300000| Untracked 
| 212|0x00000000ed400000, 0x00000000ed400000, 0x00000000ed500000|  0%| F|  |TAMS 0x00000000ed400000, 0x00000000ed400000| Untracked 
| 213|0x00000000ed500000, 0x00000000ed500000, 0x00000000ed600000|  0%| F|  |TAMS 0x00000000ed500000, 0x00000000ed500000| Untracked 
| 214|0x00000000ed600000, 0x00000000ed600000, 0x00000000ed700000|  0%| F|  |TAMS 0x00000000ed600000, 0x00000000ed600000| Untracked 
| 215|0x00000000ed700000, 0x00000000ed700000, 0x00000000ed800000|  0%| F|  |TAMS 0x00000000ed700000, 0x00000000ed700000| Untracked 
| 216|0x00000000ed800000, 0x00000000ed800000, 0x00000000ed900000|  0%| F|  |TAMS 0x00000000ed800000, 0x00000000ed800000| Untracked 
| 217|0x00000000ed900000, 0x00000000ed900000, 0x00000000eda00000|  0%| F|  |TAMS 0x00000000ed900000, 0x00000000ed900000| Untracked 
| 218|0x00000000eda00000, 0x00000000eda00000, 0x00000000edb00000|  0%| F|  |TAMS 0x00000000eda00000, 0x00000000eda00000| Untracked 
| 219|0x00000000edb00000, 0x00000000edb00000, 0x00000000edc00000|  0%| F|  |TAMS 0x00000000edb00000, 0x00000000edb00000| Untracked 
| 220|0x00000000edc00000, 0x00000000edc00000, 0x00000000edd00000|  0%| F|  |TAMS 0x00000000edc00000, 0x00000000edc00000| Untracked 
| 221|0x00000000edd00000, 0x00000000edd00000, 0x00000000ede00000|  0%| F|  |TAMS 0x00000000edd00000, 0x00000000edd00000| Untracked 
| 222|0x00000000ede00000, 0x00000000ede00000, 0x00000000edf00000|  0%| F|  |TAMS 0x00000000ede00000, 0x00000000ede00000| Untracked 
| 223|0x00000000edf00000, 0x00000000edf00000, 0x00000000ee000000|  0%| F|  |TAMS 0x00000000edf00000, 0x00000000edf00000| Untracked 
| 224|0x00000000ee000000, 0x00000000ee000000, 0x00000000ee100000|  0%| F|  |TAMS 0x00000000ee000000, 0x00000000ee000000| Untracked 
| 225|0x00000000ee100000, 0x00000000ee100000, 0x00000000ee200000|  0%| F|  |TAMS 0x00000000ee100000, 0x00000000ee100000| Untracked 
| 226|0x00000000ee200000, 0x00000000ee200000, 0x00000000ee300000|  0%| F|  |TAMS 0x00000000ee200000, 0x00000000ee200000| Untracked 
| 227|0x00000000ee300000, 0x00000000ee300000, 0x00000000ee400000|  0%| F|  |TAMS 0x00000000ee300000, 0x00000000ee300000| Untracked 
| 228|0x00000000ee400000, 0x00000000ee400000, 0x00000000ee500000|  0%| F|  |TAMS 0x00000000ee400000, 0x00000000ee400000| Untracked 
| 229|0x00000000ee500000, 0x00000000ee500000, 0x00000000ee600000|  0%| F|  |TAMS 0x00000000ee500000, 0x00000000ee500000| Untracked 
| 230|0x00000000ee600000, 0x00000000ee600000, 0x00000000ee700000|  0%| F|  |TAMS 0x00000000ee600000, 0x00000000ee600000| Untracked 
| 231|0x00000000ee700000, 0x00000000ee700000, 0x00000000ee800000|  0%| F|  |TAMS 0x00000000ee700000, 0x00000000ee700000| Untracked 
| 232|0x00000000ee800000, 0x00000000ee800000, 0x00000000ee900000|  0%| F|  |TAMS 0x00000000ee800000, 0x00000000ee800000| Untracked 
| 233|0x00000000ee900000, 0x00000000ee900000, 0x00000000eea00000|  0%| F|  |TAMS 0x00000000ee900000, 0x00000000ee900000| Untracked 
| 234|0x00000000eea00000, 0x00000000eea00000, 0x00000000eeb00000|  0%| F|  |TAMS 0x00000000eea00000, 0x00000000eea00000| Untracked 
| 235|0x00000000eeb00000, 0x00000000eeb00000, 0x00000000eec00000|  0%| F|  |TAMS 0x00000000eeb00000, 0x00000000eeb00000| Untracked 
| 236|0x00000000eec00000, 0x00000000eec80800, 0x00000000eed00000| 50%| E|  |TAMS 0x00000000eec00000, 0x00000000eec00000| Complete 
| 237|0x00000000eed00000, 0x00000000eee00000, 0x00000000eee00000|100%| E|CS|TAMS 0x00000000eed00000, 0x00000000eed00000| Complete 
| 238|0x00000000eee00000, 0x00000000eef00000, 0x00000000eef00000|100%| E|CS|TAMS 0x00000000eee00000, 0x00000000eee00000| Complete 
| 239|0x00000000eef00000, 0x00000000ef000000, 0x00000000ef000000|100%| E|CS|TAMS 0x00000000eef00000, 0x00000000eef00000| Complete 
| 240|0x00000000ef000000, 0x00000000ef100000, 0x00000000ef100000|100%| E|CS|TAMS 0x00000000ef000000, 0x00000000ef000000| Complete 
| 241|0x00000000ef100000, 0x00000000ef200000, 0x00000000ef200000|100%| E|CS|TAMS 0x00000000ef100000, 0x00000000ef100000| Complete 
| 242|0x00000000ef200000, 0x00000000ef300000, 0x00000000ef300000|100%| E|CS|TAMS 0x00000000ef200000, 0x00000000ef200000| Complete 
| 243|0x00000000ef300000, 0x00000000ef400000, 0x00000000ef400000|100%| E|CS|TAMS 0x00000000ef300000, 0x00000000ef300000| Complete 
| 244|0x00000000ef400000, 0x00000000ef500000, 0x00000000ef500000|100%| E|CS|TAMS 0x00000000ef400000, 0x00000000ef400000| Complete 
| 245|0x00000000ef500000, 0x00000000ef600000, 0x00000000ef600000|100%| E|CS|TAMS 0x00000000ef500000, 0x00000000ef500000| Complete 
| 246|0x00000000ef600000, 0x00000000ef700000, 0x00000000ef700000|100%| E|CS|TAMS 0x00000000ef600000, 0x00000000ef600000| Complete 
| 247|0x00000000ef700000, 0x00000000ef800000, 0x00000000ef800000|100%| E|CS|TAMS 0x00000000ef700000, 0x00000000ef700000| Complete 
| 248|0x00000000ef800000, 0x00000000ef900000, 0x00000000ef900000|100%| E|CS|TAMS 0x00000000ef800000, 0x00000000ef800000| Complete 
| 249|0x00000000ef900000, 0x00000000efa00000, 0x00000000efa00000|100%| E|CS|TAMS 0x00000000ef900000, 0x00000000ef900000| Complete 
| 250|0x00000000efa00000, 0x00000000efb00000, 0x00000000efb00000|100%| E|CS|TAMS 0x00000000efa00000, 0x00000000efa00000| Complete 
| 251|0x00000000efb00000, 0x00000000efc00000, 0x00000000efc00000|100%| E|CS|TAMS 0x00000000efb00000, 0x00000000efb00000| Complete 
| 252|0x00000000efc00000, 0x00000000efd00000, 0x00000000efd00000|100%| E|CS|TAMS 0x00000000efc00000, 0x00000000efc00000| Complete 
| 253|0x00000000efd00000, 0x00000000efe00000, 0x00000000efe00000|100%| E|CS|TAMS 0x00000000efd00000, 0x00000000efd00000| Complete 
| 254|0x00000000efe00000, 0x00000000eff00000, 0x00000000eff00000|100%| E|CS|TAMS 0x00000000efe00000, 0x00000000efe00000| Complete 
| 255|0x00000000eff00000, 0x00000000f0000000, 0x00000000f0000000|100%| E|CS|TAMS 0x00000000eff00000, 0x00000000eff00000| Complete 

Card table byte_map: [0x0000018ba3160000,0x0000018ba3260000] _byte_map_base: 0x0000018ba2a60000

Marking Bits (Prev, Next): (CMBitMap*) 0x0000018b8e194128, (CMBitMap*) 0x0000018b8e194160
 Prev Bits: [0x0000018ba3360000, 0x0000018ba3b60000)
 Next Bits: [0x0000018ba3b60000, 0x0000018ba4360000)

Polling page: 0x0000018b8dfa0000

Metaspace:

Usage:
  Non-class:     12.33 MB capacity,    11.99 MB ( 97%) used,   326.22 KB (  3%) free+waste,    30.38 KB ( <1%) overhead. 
      Class:      2.21 MB capacity,     2.04 MB ( 93%) used,   151.22 KB (  7%) free+waste,    16.94 KB ( <1%) overhead. 
       Both:     14.54 MB capacity,    14.03 MB ( 96%) used,   477.44 KB (  3%) free+waste,    47.31 KB ( <1%) overhead. 

Virtual space:
  Non-class space:       14.00 MB reserved,      12.50 MB ( 89%) committed 
      Class space:      248.00 MB reserved,       2.25 MB ( <1%) committed 
             Both:      262.00 MB reserved,      14.75 MB (  6%) committed 

Chunk freelists:
   Non-Class:  42.00 KB
       Class:  14.00 KB
        Both:  56.00 KB

MaxMetaspaceSize: 256.00 MB
CompressedClassSpaceSize: 248.00 MB

CodeHeap 'non-profiled nmethods': size=120064Kb used=833Kb max_used=833Kb free=119230Kb
 bounds [0x0000018b9b500000, 0x0000018b9b770000, 0x0000018ba2a40000]
CodeHeap 'profiled nmethods': size=120000Kb used=3893Kb max_used=3893Kb free=116107Kb
 bounds [0x0000018b93fd0000, 0x0000018b943b0000, 0x0000018b9b500000]
CodeHeap 'non-nmethods': size=5696Kb used=1145Kb max_used=1160Kb free=4550Kb
 bounds [0x0000018b93a40000, 0x0000018b93cb0000, 0x0000018b93fd0000]
 total_blobs=3255 nmethods=1814 adapters=382
 compilation: enabled
              stopped_count=0, restarted_count=0
 full_count=0

Compilation events (20 events):
Event: 4.536 Thread 0x0000018ba6957800 1976       3       java.lang.invoke.InnerClassLambdaMetafactory::getOpcodeOffset (38 bytes)
Event: 4.536 Thread 0x0000018ba6957800 nmethod 1976 0x0000018b94246210 code [0x0000018b942463e0, 0x0000018b942466b8]
Event: 4.537 Thread 0x0000018ba6957800 1977       1       java.util.Collections$1::hasNext (5 bytes)
Event: 4.537 Thread 0x0000018ba6957800 nmethod 1977 0x0000018b9b5cc510 code [0x0000018b9b5cc6c0, 0x0000018b9b5cc7f8]
Event: 4.537 Thread 0x0000018ba6957800 1978       3       java.lang.reflect.ProxyGenerator$ConstantPool::getMethodRef (33 bytes)
Event: 4.539 Thread 0x0000018ba6957800 nmethod 1978 0x0000018b94395390 code [0x0000018b94395660, 0x0000018b943963b0]
Event: 4.539 Thread 0x0000018ba6957800 1979       3       java.lang.Package$VersionInfo::<init> (44 bytes)
Event: 4.539 Thread 0x0000018ba6957800 nmethod 1979 0x0000018b94396910 code [0x0000018b94396ae0, 0x0000018b94396f58]
Event: 4.542 Thread 0x0000018ba6957800 1980       3       sun.reflect.generics.parser.SignatureParser::parsePackageNameAndSimpleClassTypeSignature (119 bytes)
Event: 4.544 Thread 0x0000018ba6957800 nmethod 1980 0x0000018b94397010 code [0x0000018b94397360, 0x0000018b943984d0]
Event: 4.548 Thread 0x0000018ba6957800 1981       3       java.lang.reflect.ProxyGenerator::code_aload (11 bytes)
Event: 4.548 Thread 0x0000018ba6957800 nmethod 1981 0x0000018b9417b410 code [0x0000018b9417b5c0, 0x0000018b9417b790]
Event: 4.556 Thread 0x0000018ba6957800 1982       3       sun.reflect.generics.parser.SignatureParser::parseClassTypeSignature (118 bytes)
Event: 4.559 Thread 0x0000018ba6957800 nmethod 1982 0x0000018b94398a90 code [0x0000018b94398ec0, 0x0000018b9439a8c0]
Event: 4.559 Thread 0x0000018ba6957800 1983       3       sun.reflect.generics.parser.SignatureParser::parseClassTypeSignatureSuffix (29 bytes)
Event: 4.560 Thread 0x0000018ba6957800 nmethod 1983 0x0000018b9439b210 code [0x0000018b9439b400, 0x0000018b9439b7c0]
Event: 4.560 Thread 0x0000018ba6957800 1984       3       sun.reflect.generics.tree.ClassTypeSignature::make (9 bytes)
Event: 4.560 Thread 0x0000018ba6957800 nmethod 1984 0x0000018b9425a390 code [0x0000018b9425a560, 0x0000018b9425a818]
Event: 4.560 Thread 0x0000018ba6957800 1985       1       java.util.Collections$EmptyMap::get (2 bytes)
Event: 4.560 Thread 0x0000018ba6957800 nmethod 1985 0x0000018b9b5cc890 code [0x0000018b9b5cca40, 0x0000018b9b5ccb78]

GC Heap History (8 events):
Event: 0.714 GC heap before
{Heap before GC invocations=0 (full 0):
 garbage-first heap   total 262144K, used 19456K [0x00000000e0000000, 0x0000000100000000)
  region size 1024K, 14 young (14336K), 0 survivors (0K)
 Metaspace       used 2055K, capacity 5443K, committed 5760K, reserved 262144K
  class space    used 238K, capacity 578K, committed 640K, reserved 253952K
}
Event: 0.721 GC heap after
{Heap after GC invocations=1 (full 0):
 garbage-first heap   total 262144K, used 7969K [0x00000000e0000000, 0x0000000100000000)
  region size 1024K, 2 young (2048K), 2 survivors (2048K)
 Metaspace       used 2055K, capacity 5443K, committed 5760K, reserved 262144K
  class space    used 238K, capacity 578K, committed 640K, reserved 253952K
}
Event: 1.336 GC heap before
{Heap before GC invocations=1 (full 0):
 garbage-first heap   total 262144K, used 20257K [0x00000000e0000000, 0x0000000100000000)
  region size 1024K, 14 young (14336K), 2 survivors (2048K)
 Metaspace       used 3988K, capacity 6655K, committed 6784K, reserved 262144K
  class space    used 512K, capacity 770K, committed 896K, reserved 253952K
}
Event: 1.341 GC heap after
{Heap after GC invocations=2 (full 0):
 garbage-first heap   total 262144K, used 8980K [0x00000000e0000000, 0x0000000100000000)
  region size 1024K, 1 young (1024K), 1 survivors (1024K)
 Metaspace       used 3988K, capacity 6655K, committed 6784K, reserved 262144K
  class space    used 512K, capacity 770K, committed 896K, reserved 253952K
}
Event: 2.014 GC heap before
{Heap before GC invocations=2 (full 0):
 garbage-first heap   total 262144K, used 37652K [0x00000000e0000000, 0x0000000100000000)
  region size 1024K, 30 young (30720K), 1 survivors (1024K)
 Metaspace       used 4265K, capacity 6775K, committed 7040K, reserved 262144K
  class space    used 541K, capacity 810K, committed 896K, reserved 253952K
}
Event: 2.020 GC heap after
{Heap after GC invocations=3 (full 0):
 garbage-first heap   total 262144K, used 13035K [0x00000000e0000000, 0x0000000100000000)
  region size 1024K, 4 young (4096K), 4 survivors (4096K)
 Metaspace       used 4265K, capacity 6775K, committed 7040K, reserved 262144K
  class space    used 541K, capacity 810K, committed 896K, reserved 253952K
}
Event: 4.084 GC heap before
{Heap before GC invocations=3 (full 0):
 garbage-first heap   total 262144K, used 56043K [0x00000000e0000000, 0x0000000100000000)
  region size 1024K, 46 young (47104K), 4 survivors (4096K)
 Metaspace       used 11933K, capacity 12371K, committed 12672K, reserved 266240K
  class space    used 1707K, capacity 1840K, committed 1920K, reserved 253952K
}
Event: 4.094 GC heap after
{Heap after GC invocations=4 (full 0):
 garbage-first heap   total 262144K, used 16086K [0x00000000e0000000, 0x0000000100000000)
  region size 1024K, 3 young (3072K), 3 survivors (3072K)
 Metaspace       used 11933K, capacity 12371K, committed 12672K, reserved 266240K
  class space    used 1707K, capacity 1840K, committed 1920K, reserved 253952K
}

Deoptimization events (20 events):
Event: 3.958 Thread 0x0000018ba895f000 Uncommon trap: trap_request=0xffffff4d fr.pc=0x0000018b9b5677a8 relative=0x0000000000000928
Event: 3.958 Thread 0x0000018ba895f000 Uncommon trap: reason=unstable_if action=reinterpret pc=0x0000018b9b5677a8 method=java.util.regex.Matcher.reset()Ljava/util/regex/Matcher; @ 71 c2
Event: 3.958 Thread 0x0000018ba895f000 DEOPT PACKING pc=0x0000018b9b5677a8 sp=0x00000022a65fa9e0
Event: 3.958 Thread 0x0000018ba895f000 DEOPT UNPACKING pc=0x0000018b93a6922f sp=0x00000022a65fa928 mode 2
Event: 3.958 Thread 0x0000018ba895f000 Uncommon trap: trap_request=0xffffff4d fr.pc=0x0000018b9b5563e4 relative=0x00000000000004c4
Event: 3.958 Thread 0x0000018ba895f000 Uncommon trap: reason=unstable_if action=reinterpret pc=0x0000018b9b5563e4 method=java.util.regex.Matcher.match(II)Z @ 76 c2
Event: 3.958 Thread 0x0000018ba895f000 DEOPT PACKING pc=0x0000018b9b5563e4 sp=0x00000022a65fa9e0
Event: 3.958 Thread 0x0000018ba895f000 DEOPT UNPACKING pc=0x0000018b93a6922f sp=0x00000022a65fa9b0 mode 2
Event: 3.958 Thread 0x0000018ba895f000 Uncommon trap: trap_request=0xffffff4d fr.pc=0x0000018b9b558f94 relative=0x0000000000000234
Event: 3.958 Thread 0x0000018ba895f000 Uncommon trap: reason=unstable_if action=reinterpret pc=0x0000018b9b558f94 method=java.util.regex.Matcher.reset()Ljava/util/regex/Matcher; @ 71 c2
Event: 3.958 Thread 0x0000018ba895f000 DEOPT PACKING pc=0x0000018b9b558f94 sp=0x00000022a65fa990
Event: 3.958 Thread 0x0000018ba895f000 DEOPT UNPACKING pc=0x0000018b93a6922f sp=0x00000022a65fa920 mode 2
Event: 4.546 Thread 0x0000018ba895f000 Uncommon trap: trap_request=0xffffff4d fr.pc=0x0000018b9b562264 relative=0x00000000000000a4
Event: 4.546 Thread 0x0000018ba895f000 Uncommon trap: reason=unstable_if action=reinterpret pc=0x0000018b9b562264 method=java.util.LinkedHashMap.afterNodeInsertion(Z)V @ 1 c2
Event: 4.546 Thread 0x0000018ba895f000 DEOPT PACKING pc=0x0000018b9b562264 sp=0x00000022a65fa9e0
Event: 4.546 Thread 0x0000018ba895f000 DEOPT UNPACKING pc=0x0000018b93a6922f sp=0x00000022a65fa960 mode 2
Event: 4.555 Thread 0x0000018ba895f000 Uncommon trap: trap_request=0xffffff4d fr.pc=0x0000018b9b554c80 relative=0x0000000000000240
Event: 4.555 Thread 0x0000018ba895f000 Uncommon trap: reason=unstable_if action=reinterpret pc=0x0000018b9b554c80 method=java.util.concurrent.ConcurrentHashMap.get(Ljava/lang/Object;)Ljava/lang/Object; @ 76 c2
Event: 4.555 Thread 0x0000018ba895f000 DEOPT PACKING pc=0x0000018b9b554c80 sp=0x00000022a65f8ae0
Event: 4.555 Thread 0x0000018ba895f000 DEOPT UNPACKING pc=0x0000018b93a6922f sp=0x00000022a65f8a48 mode 2

Classes redefined (0 events):
No events

Internal exceptions (20 events):
Event: 2.387 Thread 0x0000018b8e16c000 Exception <a 'java/lang/NoSuchMethodError'{0x00000000ef46a798}: 'java.lang.Object java.lang.invoke.Invokers$Holder.invoker(java.lang.Object, java.lang.Object, java.lang.Object, java.lang.Object, java.lang.Object)'> (0x00000000ef46a798) thrown at [c:/Build
Event: 2.394 Thread 0x0000018b8e16c000 Exception <a 'java/lang/NoSuchMethodError'{0x00000000ef47b410}: 'void java.lang.invoke.DelegatingMethodHandle$Holder.delegate(java.lang.Object, java.lang.Object, int, java.lang.Object)'> (0x00000000ef47b410) thrown at [c:/BuildAgent/work/5ff2f6c26000d570/
Event: 2.501 Thread 0x0000018b8e16c000 Exception <a 'java/lang/NoSuchMethodError'{0x00000000ef1a4d18}: 'java.lang.Object java.lang.invoke.DirectMethodHandle$Holder.invokeStaticInit(java.lang.Object, int, int, int, int)'> (0x00000000ef1a4d18) thrown at [c:/BuildAgent/work/5ff2f6c26000d570/src/h
Event: 2.849 Thread 0x0000018b8e16c000 Exception <a 'java/lang/NoSuchMethodError'{0x00000000ef00be08}: 'java.lang.Object java.lang.invoke.DirectMethodHandle$Holder.invokeStaticInit(java.lang.Object, java.lang.Object, int, int, int, int)'> (0x00000000ef00be08) thrown at [c:/BuildAgent/work/5ff2
Event: 3.426 Thread 0x0000018b8e16c000 Exception <a 'java/io/IOException'{0x00000000eee56220}> (0x00000000eee56220) thrown at [c:/BuildAgent/work/5ff2f6c26000d570/src/hotspot/share/prims/jni.cpp, line 615]
Event: 3.503 Thread 0x0000018ba883a800 Exception <a 'java/lang/NoSuchMethodError'{0x00000000eedf8cb8}: <clinit>> (0x00000000eedf8cb8) thrown at [c:/BuildAgent/work/5ff2f6c26000d570/src/hotspot/share/prims/jni.cpp, line 1362]
Event: 3.506 Thread 0x0000018ba883a800 Exception <a 'java/lang/NoSuchMethodError'{0x00000000eec01a78}: <clinit>> (0x00000000eec01a78) thrown at [c:/BuildAgent/work/5ff2f6c26000d570/src/hotspot/share/prims/jni.cpp, line 1362]
Event: 3.511 Thread 0x0000018ba883a800 Exception <a 'java/lang/NoSuchMethodError'{0x00000000eec0fe38}: <clinit>> (0x00000000eec0fe38) thrown at [c:/BuildAgent/work/5ff2f6c26000d570/src/hotspot/share/prims/jni.cpp, line 1362]
Event: 3.528 Thread 0x0000018ba883a800 Exception <a 'java/lang/NoSuchMethodError'{0x00000000eec50f58}: <clinit>> (0x00000000eec50f58) thrown at [c:/BuildAgent/work/5ff2f6c26000d570/src/hotspot/share/prims/jni.cpp, line 1362]
Event: 3.538 Thread 0x0000018ba883a800 Exception <a 'java/lang/NoSuchMethodError'{0x00000000eec8afd0}: <clinit>> (0x00000000eec8afd0) thrown at [c:/BuildAgent/work/5ff2f6c26000d570/src/hotspot/share/prims/jni.cpp, line 1362]
Event: 3.546 Thread 0x0000018ba883a800 Exception <a 'java/lang/NoSuchMethodError'{0x00000000eecbd030}: <clinit>> (0x00000000eecbd030) thrown at [c:/BuildAgent/work/5ff2f6c26000d570/src/hotspot/share/prims/jni.cpp, line 1362]
Event: 3.548 Thread 0x0000018ba883a800 Exception <a 'java/lang/NoSuchMethodError'{0x00000000eecc7360}: <clinit>> (0x00000000eecc7360) thrown at [c:/BuildAgent/work/5ff2f6c26000d570/src/hotspot/share/prims/jni.cpp, line 1362]
Event: 3.641 Thread 0x0000018ba895f000 Exception <a 'java/lang/NoSuchMethodError'{0x00000000ee969f10}: 'void java.lang.invoke.DelegatingMethodHandle$Holder.reinvoke_L(java.lang.Object, java.lang.Object, java.lang.Object, java.lang.Object)'> (0x00000000ee969f10) thrown at [c:/BuildAgent/work/5f
Event: 3.651 Thread 0x0000018ba895f000 Exception <a 'java/lang/NoSuchMethodError'{0x00000000ee9a0b38}: 'long java.lang.invoke.DirectMethodHandle$Holder.invokeInterface(java.lang.Object, java.lang.Object)'> (0x00000000ee9a0b38) thrown at [c:/BuildAgent/work/5ff2f6c26000d570/src/hotspot/share/in
Event: 3.659 Thread 0x0000018ba895f000 Exception <a 'java/lang/NoSuchMethodError'{0x00000000ee9c1008}: 'void java.lang.invoke.DelegatingMethodHandle$Holder.reinvoke_L(java.lang.Object, java.lang.Object, java.lang.Object, java.lang.Object, java.lang.Object, java.lang.Object, java.lang.Object)'>
Event: 3.830 Thread 0x0000018ba895f000 Exception <a 'java/lang/NoSuchMethodError'{0x00000000edd4ab20}: 'java.lang.Object java.lang.invoke.DirectMethodHandle$Holder.invokeVirtual(java.lang.Object, java.lang.Object, java.lang.Object)'> (0x00000000edd4ab20) thrown at [c:/BuildAgent/work/5ff2f6c26
Event: 4.164 Thread 0x0000018ba895f000 Exception <a 'java/lang/NoSuchMethodError'{0x00000000efac53d8}: 'java.lang.Object java.lang.invoke.DirectMethodHandle$Holder.invokeVirtual(java.lang.Object, java.lang.Object, java.lang.Object, java.lang.Object)'> (0x00000000efac53d8) thrown at [c:/BuildAg
Event: 4.242 Thread 0x0000018ba895f000 Exception <a 'java/lang/NoSuchMethodError'{0x00000000ef601958}: 'int java.lang.invoke.DirectMethodHandle$Holder.invokeSpecialIFC(java.lang.Object, java.lang.Object, java.lang.Object, java.lang.Object)'> (0x00000000ef601958) thrown at [c:/BuildAgent/work/5
Event: 4.247 Thread 0x0000018ba895f000 Exception <a 'java/lang/NoSuchMethodError'{0x00000000ef60fed0}: 'java.lang.Object java.lang.invoke.DirectMethodHandle$Holder.invokeInterface(java.lang.Object, java.lang.Object, java.lang.Object)'> (0x00000000ef60fed0) thrown at [c:/BuildAgent/work/5ff2f6c
Event: 4.247 Thread 0x0000018ba895f000 Exception <a 'java/lang/IncompatibleClassChangeError'{0x00000000ef613650}: Found class java.lang.Object, but interface was expected> (0x00000000ef613650) thrown at [c:/BuildAgent/work/5ff2f6c26000d570/src/hotspot/share/interpreter/linkResolver.cpp, line 8

Events (20 events):
Event: 4.541 loading class java/lang/Deprecated
Event: 4.541 loading class java/lang/Deprecated done
Event: 4.551 loading class jdk/internal/HotSpotIntrinsicCandidate
Event: 4.551 loading class jdk/internal/HotSpotIntrinsicCandidate done
Event: 4.552 loading class java/lang/module/ModuleDescriptor$Builder
Event: 4.553 loading class java/lang/module/ModuleDescriptor$Builder done
Event: 4.554 loading class java/util/RegularEnumSet$EnumSetIterator
Event: 4.554 loading class java/util/RegularEnumSet$EnumSetIterator done
Event: 4.557 loading class groovy/lang/Closure
Event: 4.557 loading class groovy/lang/Closure done
Event: 4.559 loading class groovy/lang/GroovyCallable
Event: 4.559 loading class groovy/lang/GroovyCallable done
Event: 4.560 loading class groovy/lang/GroovyObjectSupport
Event: 4.560 loading class groovy/lang/GroovyObjectSupport done
Event: 4.561 loading class org/gradle/internal/MutableActionSet
Event: 4.561 loading class org/gradle/internal/MutableActionSet done
Event: 4.562 loading class org/gradle/internal/instantiation/generator/AsmBackedClassGenerator$ClassBuilderImpl
Event: 4.562 loading class org/gradle/internal/instantiation/generator/AsmBackedClassGenerator$ClassBuilderImpl done
Event: 4.571 loading class org/gradle/api/internal/ConventionMapping
Event: 4.571 loading class org/gradle/api/internal/ConventionMapping done


Dynamic libraries:
0x00007ff681620000 - 0x00007ff68162a000 	C:\Program Files\JetBrains\IntelliJ IDEA 2019.3.2\jbr\bin\java.exe
0x00007ffb99620000 - 0x00007ffb99810000 	C:\WINDOWS\SYSTEM32\ntdll.dll
0x00007ffb99380000 - 0x00007ffb99432000 	C:\WINDOWS\System32\KERNEL32.DLL
0x00007ffb97060000 - 0x00007ffb97303000 	C:\WINDOWS\System32\KERNELBASE.dll
0x00007ffb965e0000 - 0x00007ffb966da000 	C:\WINDOWS\System32\ucrtbase.dll
0x00007ffb8dfa0000 - 0x00007ffb8dfb9000 	C:\Program Files\JetBrains\IntelliJ IDEA 2019.3.2\jbr\bin\jli.dll
0x00007ffb90c90000 - 0x00007ffb90ca7000 	C:\Program Files\JetBrains\IntelliJ IDEA 2019.3.2\jbr\bin\VCRUNTIME140.dll
0x00007ffb98930000 - 0x00007ffb98ac4000 	C:\WINDOWS\System32\USER32.dll
0x00007ffb975f0000 - 0x00007ffb97611000 	C:\WINDOWS\System32\win32u.dll
0x00007ffb7baf0000 - 0x00007ffb7bd75000 	C:\WINDOWS\WinSxS\amd64_microsoft.windows.common-controls_6595b64144ccf1df_6.0.18362.778_none_e6c6b761130d4fb8\COMCTL32.dll
0x00007ffb97990000 - 0x00007ffb979b6000 	C:\WINDOWS\System32\GDI32.dll
0x00007ffb97c20000 - 0x00007ffb97cbe000 	C:\WINDOWS\System32\msvcrt.dll
0x00007ffb973b0000 - 0x00007ffb97544000 	C:\WINDOWS\System32\gdi32full.dll
0x00007ffb97550000 - 0x00007ffb975ee000 	C:\WINDOWS\System32\msvcp_win.dll
0x00007ffb97cc0000 - 0x00007ffb97ff6000 	C:\WINDOWS\System32\combase.dll
0x00007ffb99440000 - 0x00007ffb99560000 	C:\WINDOWS\System32\RPCRT4.dll
0x00007ffb97310000 - 0x00007ffb97390000 	C:\WINDOWS\System32\bcryptPrimitives.dll
0x00007ffb98710000 - 0x00007ffb9873e000 	C:\WINDOWS\System32\IMM32.DLL
0x00007ffb89230000 - 0x00007ffb892cd000 	C:\Program Files\JetBrains\IntelliJ IDEA 2019.3.2\jbr\bin\msvcp140.dll
0x00007ffb6fe40000 - 0x00007ffb708fb000 	C:\Program Files\JetBrains\IntelliJ IDEA 2019.3.2\jbr\bin\server\jvm.dll
0x00007ffb98010000 - 0x00007ffb980b3000 	C:\WINDOWS\System32\ADVAPI32.dll
0x00007ffb97b20000 - 0x00007ffb97bb7000 	C:\WINDOWS\System32\sechost.dll
0x00007ffb99370000 - 0x00007ffb99378000 	C:\WINDOWS\System32\PSAPI.DLL
0x00007ffb91a20000 - 0x00007ffb91a29000 	C:\WINDOWS\SYSTEM32\WSOCK32.dll
0x00007ffb8fe70000 - 0x00007ffb8fe7a000 	C:\WINDOWS\SYSTEM32\VERSION.dll
0x00007ffb89f60000 - 0x00007ffb89f84000 	C:\WINDOWS\SYSTEM32\WINMM.dll
0x00007ffb98740000 - 0x00007ffb987af000 	C:\WINDOWS\System32\WS2_32.dll
0x00007ffb89f30000 - 0x00007ffb89f5d000 	C:\WINDOWS\SYSTEM32\winmmbase.dll
0x00007ffb97680000 - 0x00007ffb976ca000 	C:\WINDOWS\System32\cfgmgr32.dll
0x00007ffb964f0000 - 0x00007ffb96501000 	C:\WINDOWS\System32\kernel.appcore.dll
0x00007ffb8e700000 - 0x00007ffb8e711000 	C:\Program Files\JetBrains\IntelliJ IDEA 2019.3.2\jbr\bin\verify.dll
0x00007ffb8f560000 - 0x00007ffb8f754000 	C:\WINDOWS\SYSTEM32\DBGHELP.DLL
0x00007ffb8fb60000 - 0x00007ffb8fb8a000 	C:\WINDOWS\SYSTEM32\dbgcore.DLL
0x00007ffb8e310000 - 0x00007ffb8e339000 	C:\Program Files\JetBrains\IntelliJ IDEA 2019.3.2\jbr\bin\java.dll
0x00007ffb8e480000 - 0x00007ffb8e497000 	C:\Program Files\JetBrains\IntelliJ IDEA 2019.3.2\jbr\bin\zip.dll
0x00007ffb92fe0000 - 0x00007ffb92feb000 	C:\Program Files\JetBrains\IntelliJ IDEA 2019.3.2\jbr\bin\jimage.dll
0x00007ffb98c80000 - 0x00007ffb99365000 	C:\WINDOWS\System32\SHELL32.dll
0x00007ffb978e0000 - 0x00007ffb97989000 	C:\WINDOWS\System32\shcore.dll
0x00007ffb968e0000 - 0x00007ffb97060000 	C:\WINDOWS\System32\windows.storage.dll
0x00007ffb96530000 - 0x00007ffb96553000 	C:\WINDOWS\System32\profapi.dll
0x00007ffb96560000 - 0x00007ffb965aa000 	C:\WINDOWS\System32\powrprof.dll
0x00007ffb964e0000 - 0x00007ffb964f0000 	C:\WINDOWS\System32\UMPDC.dll
0x00007ffb97880000 - 0x00007ffb978d2000 	C:\WINDOWS\System32\shlwapi.dll
0x00007ffb97390000 - 0x00007ffb973a7000 	C:\WINDOWS\System32\cryptsp.dll
0x00007ffb8e210000 - 0x00007ffb8e22a000 	C:\Program Files\JetBrains\IntelliJ IDEA 2019.3.2\jbr\bin\net.dll
0x00007ffb8a1a0000 - 0x00007ffb8a290000 	C:\WINDOWS\SYSTEM32\WINHTTP.dll
0x00007ffb95d50000 - 0x00007ffb95db7000 	C:\WINDOWS\system32\mswsock.dll
0x00007ffb8e1f0000 - 0x00007ffb8e204000 	C:\Program Files\JetBrains\IntelliJ IDEA 2019.3.2\jbr\bin\nio.dll
0x00007ffb8cfd0000 - 0x00007ffb8cff6000 	C:\Users\Kamilek\.gradle\native\30\windows-amd64\native-platform.dll
0x00007ffb92990000 - 0x00007ffb9299a000 	C:\Program Files\JetBrains\IntelliJ IDEA 2019.3.2\jbr\bin\management.dll
0x00007ffb92390000 - 0x00007ffb9239c000 	C:\Program Files\JetBrains\IntelliJ IDEA 2019.3.2\jbr\bin\management_ext.dll
0x00007ffb958c0000 - 0x00007ffb958f3000 	C:\WINDOWS\system32\rsaenh.dll
0x00007ffb965b0000 - 0x00007ffb965d6000 	C:\WINDOWS\System32\bcrypt.dll
0x00007ffb963d0000 - 0x00007ffb963f5000 	C:\WINDOWS\SYSTEM32\USERENV.dll
0x00007ffb95f20000 - 0x00007ffb95f2c000 	C:\WINDOWS\SYSTEM32\CRYPTBASE.dll
0x00007ffb95a60000 - 0x00007ffb95a9a000 	C:\WINDOWS\SYSTEM32\IPHLPAPI.DLL
0x00007ffb98000000 - 0x00007ffb98008000 	C:\WINDOWS\System32\NSI.dll
0x00007ffb8fba0000 - 0x00007ffb8fbb6000 	C:\WINDOWS\SYSTEM32\dhcpcsvc6.DLL
0x00007ffb902b0000 - 0x00007ffb902cc000 	C:\WINDOWS\SYSTEM32\dhcpcsvc.DLL
0x00007ffb95aa0000 - 0x00007ffb95b6a000 	C:\WINDOWS\SYSTEM32\DNSAPI.dll

dbghelp: loaded successfully - version: 4.0.5 - missing functions: none
symbol engine: initialized successfully - sym options: 0x614 - pdb path: .;C:\Program Files\JetBrains\IntelliJ IDEA 2019.3.2\jbr\bin;C:\WINDOWS\SYSTEM32;C:\WINDOWS\WinSxS\amd64_microsoft.windows.common-controls_6595b64144ccf1df_6.0.18362.778_none_e6c6b761130d4fb8;C:\Program Files\JetBrains\IntelliJ IDEA 2019.3.2\jbr\bin\server;C:\Users\Kamilek\.gradle\native\30\windows-amd64

VM Arguments:
jvm_args: --add-opens=java.base/java.util=ALL-UNNAMED --add-opens=java.base/java.lang=ALL-UNNAMED --add-opens=java.base/java.lang.invoke=ALL-UNNAMED --add-opens=java.prefs/java.util.prefs=ALL-UNNAMED -XX:MaxMetaspaceSize=256m -XX:+HeapDumpOnOutOfMemoryError -Xms256m -Xmx512m -Dfile.encoding=windows-1250 -Duser.country=PL -Duser.language=pl -Duser.variant 
java_command: org.gradle.launcher.daemon.bootstrap.GradleDaemon 6.0.1
java_class_path (initial): C:\Users\Kamilek\.gradle\wrapper\dists\gradle-6.0.1-bin\1lxlpkiy24sb18odw96cp4ojv\gradle-6.0.1\lib\gradle-launcher-6.0.1.jar
Launcher Type: SUN_STANDARD

[Global flags]
     intx CICompilerCount                          = 3                                         {product} {ergonomic}
   size_t CompressedClassSpaceSize                 = 260046848                                 {product} {ergonomic}
     uint ConcGCThreads                            = 1                                         {product} {ergonomic}
     uint G1ConcRefinementThreads                  = 4                                         {product} {ergonomic}
   size_t G1HeapRegionSize                         = 1048576                                   {product} {ergonomic}
    uintx GCDrainStackTargetSize                   = 64                                        {product} {ergonomic}
     bool HeapDumpOnOutOfMemoryError               = true                                   {manageable} {command line}
   size_t InitialHeapSize                          = 268435456                                 {product} {command line}
   size_t MarkStackSize                            = 4194304                                   {product} {ergonomic}
   size_t MaxHeapSize                              = 536870912                                 {product} {command line}
   size_t MaxMetaspaceSize                         = 268435456                                 {product} {command line}
   size_t MaxNewSize                               = 321912832                                 {product} {ergonomic}
   size_t MinHeapDeltaBytes                        = 1048576                                   {product} {ergonomic}
    uintx NonNMethodCodeHeapSize                   = 5830732                                {pd product} {ergonomic}
    uintx NonProfiledCodeHeapSize                  = 122913754                              {pd product} {ergonomic}
    uintx ProfiledCodeHeapSize                     = 122913754                              {pd product} {ergonomic}
    uintx ReservedCodeCacheSize                    = 251658240                              {pd product} {ergonomic}
     bool SegmentedCodeCache                       = true                                      {product} {ergonomic}
     bool UseCompressedClassPointers               = true                                 {lp64_product} {ergonomic}
     bool UseCompressedOops                        = true                                 {lp64_product} {ergonomic}
     bool UseG1GC                                  = true                                      {product} {ergonomic}
     bool UseLargePagesIndividualAllocation        = false                                  {pd product} {ergonomic}

Logging:
Log output configuration:
 #0: stdout all=warning uptime,level,tags
 #1: stderr all=off uptime,level,tags

Environment Variables:
JAVA_HOME=D:\JDK_12\jdk-12.0.1
PATH=D:\JDK_12\jdk-12.0.1\bin;C:\Program Files (x86)\Common Files\Oracle\Java\javapath;C:\WINDOWS\system32;C:\WINDOWS;C:\WINDOWS\System32\Wbem;C:\WINDOWS\System32\WindowsPowerShell\v1.0\;C:\WINDOWS\System32\OpenSSH\;C:\Program Files\Git\cmd;C:\Program Files\Git\mingw64\bin;C:\Program Files\Git\usr\bin;";D:\JDK_12\jdk-12.0.1\bin";C:\Users\Kamilek\AppData\Local\Microsoft\WindowsApps;D:\Git\bin;D:\Git\cmd;C:\gradle-6.1.1\bin;
USERNAME=Kamilek
OS=Windows_NT
PROCESSOR_IDENTIFIER=Intel64 Family 6 Model 69 Stepping 1, GenuineIntel



---------------  S Y S T E M  ---------------

OS: Windows 10 , 64 bit Build 18362 (10.0.18362.778)

CPU:total 4 (initial active 4) (2 cores per cpu, 2 threads per core) family 6 model 69 stepping 1, cmov, cx8, fxsr, mmx, sse, sse2, sse3, ssse3, sse4.1, sse4.2, popcnt, avx, avx2, aes, clmul, erms, lzcnt, ht, tsc, tscinvbit, bmi1, bmi2, fma

Memory: 4k page, system-wide physical 8100M (1556M free)
TotalPageFile size 20725M (AvailPageFile size 5M)
current process WorkingSet (physical memory assigned to process): 160M, peak: 161M
current process commit charge ("private bytes"): 384M, peak: 384M

vm_info: OpenJDK 64-Bit Server VM (11.0.5+10-b520.30) for windows-amd64 JRE (11.0.5+10-b520.30), built on Dec 24 2019 12:06:09 by "" with MS VC++ 14.0 (VS2015)

END.
